<?xml version="1.0" encoding="UTF-8"?>
<testng-results skipped="0" failed="0" ignored="0" total="1" passed="1">
  <reporter-output>
  </reporter-output>
  <suite name="Suite" duration-ms="20234" started-at="2019-10-08T18:49:19Z" finished-at="2019-10-08T18:49:39Z">
    <groups>
    </groups>
    <test name="Test" duration-ms="20234" started-at="2019-10-08T18:49:19Z" finished-at="2019-10-08T18:49:39Z">
      <class name="basics.Arithmatic">
        <test-method status="PASS" signature="verifyLengthandLongestWord()[pri:0, instance:basics.Arithmatic@1593948d]" name="verifyLengthandLongestWord" duration-ms="20160" started-at="2019-10-08T18:49:19Z" finished-at="2019-10-08T18:49:39Z">
          <reporter-output>
          </reporter-output>
        </test-method> <!-- verifyLengthandLongestWord -->
      </class> <!-- basics.Arithmatic -->
    </test> <!-- Test -->
  </suite> <!-- Suite -->
</testng-results>
